<?xml version="1.0" encoding="UTF-8"?>
<!-- Generated by org.testng.reporters.JUnitXMLReporter -->
<testsuite hostname="AjithL" name="Default test" tests="4" failures="0" timestamp="27 Feb 2021 10:23:59 GMT" time="83.308" errors="0">
  <testcase name="logindata" time="30.231" classname="loginpage.LoginPage"/>
  <testcase name="logindata" time="16.85" classname="loginpage.LoginPage"/>
  <testcase name="logindata" time="16.927" classname="loginpage.LoginPage"/>
  <testcase name="logindata" time="18.869" classname="loginpage.LoginPage"/>
</testsuite> <!-- Default test -->
